[2] OPEN:  <html>
[134] OPEN:  <body>
[144] OPEN:  <div id='loading2'>
[145] OPEN:  <div class='load'>
[145] CLOSE: </div> (opened at line 145 class='load')
[146] CLOSE: </div> (opened at line 144 id='loading2')
[147] OPEN:  <div class='cursor'>
[147] CLOSE: </div> (opened at line 147 class='cursor')
[148] OPEN:  <div class='cursor-follower'>
[148] CLOSE: </div> (opened at line 148 class='cursor-follower')
[149] OPEN:  <div class='cursor-follower2'>
[149] CLOSE: </div> (opened at line 149 class='cursor-follower2')
[150] OPEN:  <div class='overlay first'>
[150] CLOSE: </div> (opened at line 150 class='overlay first')
[151] OPEN:  <div class='overlay second'>
[151] CLOSE: </div> (opened at line 151 class='overlay second')
[152] OPEN:  <div class='overlay third'>
[152] CLOSE: </div> (opened at line 152 class='overlay third')
[155] OPEN:  <div class='viewport'>
[156] OPEN:  <div class='menu'>
[158] OPEN:  <div class='toggle-btn'>
[161] CLOSE: </div> (opened at line 158 class='toggle-btn')
[162] OPEN:  <div class='data'>
[168] OPEN:  <div class='menu-div'>
[171] CLOSE: </div> (opened at line 168 class='menu-div')
[180] OPEN:  <div class='menu-div'>
[183] CLOSE: </div> (opened at line 180 class='menu-div')
[197] CLOSE: </div> (opened at line 162 class='data')
[199] OPEN:  <div class='logo-s1'>
[199] CLOSE: </div> (opened at line 199 class='logo-s1')
[201] CLOSE: </div> (opened at line 156 class='menu')
[202] OPEN:  <div id='scroll-container' class='smooth-scroll'>
[205] OPEN:  <header class='brand-header'>
[207] OPEN:  <div class='brand-logo white-logo html-remove'>
[209] CLOSE: </div> (opened at line 207 class='brand-logo white-logo html-remove')
[210] OPEN:  <div class='searchBox'>
[223] CLOSE: </div> (opened at line 210 class='searchBox')
[224] OPEN:  <div class='home-menu white-logo'>
[226] CLOSE: </div> (opened at line 224 class='home-menu white-logo')
[228] CLOSE: </header> (opened at line 205 class='brand-header')
[229] OPEN:  <div class='h-socialnavs '>
[243] CLOSE: </div> (opened at line 229 class='h-socialnavs ')
[246] OPEN:  <div id='home_slider' class='owl-carousel owl-theme '>
[249] OPEN:  <div class='item slider2 '>
[251] OPEN:  <div class='banner24-bg'>
[253] OPEN:  <div class='text-bg'>
[254] OPEN:  <div class='marquee-div1'>
[254] CLOSE: </div> (opened at line 254 class='marquee-div1')
[255] OPEN:  <div class='marquee-div2'>
[255] CLOSE: </div> (opened at line 255 class='marquee-div2')
[256] CLOSE: </div> (opened at line 253 class='text-bg')
[258] OPEN:  <div class='element-24-1 '>
[260] CLOSE: </div> (opened at line 258 class='element-24-1 ')
[262] OPEN:  <div class='element-24-2 '>
[266] OPEN:  <div class='element-3 mouse-move'>
[268] CLOSE: </div> (opened at line 266 class='element-3 mouse-move')
[270] OPEN:  <div class='element-4 planet2'>
[272] CLOSE: </div> (opened at line 270 class='element-4 planet2')
[274] OPEN:  <div class='element-5 planet '>
[276] CLOSE: </div> (opened at line 274 class='element-5 planet ')
[278] CLOSE: </div> (opened at line 262 class='element-24-2 ')
[279] CLOSE: </div> (opened at line 251 class='banner24-bg')
[280] CLOSE: </div> (opened at line 249 class='item slider2 ')
[282] OPEN:  <div id='item-1' class='item'>
[287] OPEN:  <div class='text-div'>
[290] CLOSE: </div> (opened at line 287 class='text-div')
[292] OPEN:  <div class='planet-1-div img-rotate'>
[294] CLOSE: </div> (opened at line 292 class='planet-1-div img-rotate')
[296] OPEN:  <div class='planet-2-div img-rotate'>
[298] CLOSE: </div> (opened at line 296 class='planet-2-div img-rotate')
[302] OPEN:  <div class='person-div moving-element'>
[304] CLOSE: </div> (opened at line 302 class='person-div moving-element')
[306] OPEN:  <div class='astroid-1-div moving-daigonal'>
[308] CLOSE: </div> (opened at line 306 class='astroid-1-div moving-daigonal')
[310] OPEN:  <div class='astroid-2-div moving-daigonal-left'>
[315] CLOSE: </div> (opened at line 310 class='astroid-2-div moving-daigonal-left')
[317] OPEN:  <div class='astroid-3-div  shooting'>
[319] CLOSE: </div> (opened at line 317 class='astroid-3-div  shooting')
[321] CLOSE: </div> (opened at line 282 id='item-1' class='item')
[323] CLOSE: </div> (opened at line 246 id='home_slider' class='owl-carousel owl-theme ')
[325] OPEN:  <div class='item slider1'>
[331] OPEN:  <div class='slider1Animation'>
[334] CLOSE: </div> (opened at line 331 class='slider1Animation')
[337] OPEN:  <div class='slide-captions'>
[340] OPEN:  <div class='titles2'>
[344] CLOSE: </div> (opened at line 340 class='titles2')
[345] CLOSE: </div> (opened at line 337 class='slide-captions')
[346] CLOSE: </div> (opened at line 325 class='item slider1')
[348] OPEN:  <div class='item'>
[351] OPEN:  <div class='slide-captions'>
[354] OPEN:  <div class='titles2'>
[357] CLOSE: </div> (opened at line 354 class='titles2')
[358] CLOSE: </div> (opened at line 351 class='slide-captions')
[359] CLOSE: </div> (opened at line 348 class='item')
[368] OPEN:  <div class='item'>
[369] OPEN:  <div class='container'>
[370] OPEN:  <div class='row'>
[371] OPEN:  <div class='col-sm-6'>
[372] OPEN:  <div class='slide-captions3'>
[379] CLOSE: </div> (opened at line 372 class='slide-captions3')
[380] CLOSE: </div> (opened at line 371 class='col-sm-6')
[381] OPEN:  <div class='col-sm-6'>
[382] OPEN:  <div class='app-anim animated bounceInLeft'>
[386] CLOSE: </div> (opened at line 382 class='app-anim animated bounceInLeft')
[387] CLOSE: </div> (opened at line 381 class='col-sm-6')
[388] CLOSE: </div> (opened at line 370 class='row')
[390] CLOSE: </div> (opened at line 369 class='container')
[391] CLOSE: </div> (opened at line 368 class='item')
[394] OPEN:  <div class='item'>
[395] OPEN:  <div class='container'>
[396] OPEN:  <div class='row'>
[397] OPEN:  <div class='col-sm-6'>
[399] OPEN:  <div class='slide-captions2'>
[405] CLOSE: </div> (opened at line 399 class='slide-captions2')
[406] CLOSE: </div> (opened at line 397 class='col-sm-6')
[407] OPEN:  <div class='col-sm-6 text-center'>
[408] OPEN:  <div class='app-anim animated bounceInLeft dis-inline'>
[411] CLOSE: </div> (opened at line 408 class='app-anim animated bounceInLeft dis-inline')
[412] CLOSE: </div> (opened at line 407 class='col-sm-6 text-center')
[413] CLOSE: </div> (opened at line 396 class='row')
[414] CLOSE: </div> (opened at line 395 class='container')
[415] CLOSE: </div> (opened at line 394 class='item')
[417] OPEN:  <div class='item'>
[418] OPEN:  <div class='container'>
[419] OPEN:  <div class='row'>
[420] OPEN:  <div class='col-sm-6'>
[421] OPEN:  <div class='slide-captions2'>
[425] CLOSE: </div> (opened at line 421 class='slide-captions2')
[426] CLOSE: </div> (opened at line 420 class='col-sm-6')
[427] CLOSE: </div> (opened at line 419 class='row')
[428] CLOSE: </div> (opened at line 418 class='container')
[429] CLOSE: </div> (opened at line 417 class='item')
[432] OPEN:  <div class='item'>
[432] CLOSE: </div> (opened at line 432 class='item')
[433] CLOSE: </div> (opened at line 202 id='scroll-container' class='smooth-scroll')
[436] OPEN:  <div class='shadow-block'>
[438] CLOSE: </div> (opened at line 436 class='shadow-block')
[440] OPEN:  <div class='scroll-down d-md-none d-lg-block '>
[453] CLOSE: </div> (opened at line 440 class='scroll-down d-md-none d-lg-block ')
[456] OPEN:  <section id='about' class='about-block animsec'>
[458] OPEN:  <div class='container-fluid'>
[459] OPEN:  <div class='row'>
[460] OPEN:  <div class='col-md-6'>
[473] CLOSE: </div> (opened at line 460 class='col-md-6')
[475] CLOSE: </div> (opened at line 459 class='row')
[476] CLOSE: </div> (opened at line 458 class='container-fluid')
[478] CLOSE: </section> (opened at line 456 id='about' class='about-block animsec')
[480] OPEN:  <section id='about' class='about-block about-block-web'>
[482] OPEN:  <div class='about-block-parent'>
[483] OPEN:  <div class='about-block-child'>
[484] OPEN:  <div class='about-block-child-container html-remove'>
[495] CLOSE: </div> (opened at line 484 class='about-block-child-container html-remove')
[496] CLOSE: </div> (opened at line 483 class='about-block-child')
[497] OPEN:  <div class='about-block-child'>
[500] OPEN:  <div class='about-block-child-img-container'>
[503] OPEN:  <div class='saiha-tv-container'>
[504] OPEN:  <div class='about-position-tv'>
[505] OPEN:  <div class='saiha-tv-sub-container'>
[514] CLOSE: </div> (opened at line 505 class='saiha-tv-sub-container')
[515] CLOSE: </div> (opened at line 504 class='about-position-tv')
[516] CLOSE: </div> (opened at line 503 class='saiha-tv-container')
[517] CLOSE: </div> (opened at line 500 class='about-block-child-img-container')
[518] CLOSE: </div> (opened at line 497 class='about-block-child')
[519] CLOSE: </div> (opened at line 482 class='about-block-parent')
[520] CLOSE: </section> (opened at line 480 id='about' class='about-block about-block-web')
[524] OPEN:  <section id='about' class='about-block about-block-mob'>
[527] OPEN:  <div class='about-block-parent'>
[528] OPEN:  <div class='about-block-child'>
[531] OPEN:  <div class='about-block-child-img-container'>
[534] OPEN:  <div class='saiha-tv-container'>
[535] OPEN:  <div class='about-position-tv about-position-tv-mob'>
[536] OPEN:  <div class='saiha-tv-sub-container'>
[545] CLOSE: </div> (opened at line 536 class='saiha-tv-sub-container')
[546] CLOSE: </div> (opened at line 535 class='about-position-tv about-position-tv-mob')
[547] CLOSE: </div> (opened at line 534 class='saiha-tv-container')
[548] CLOSE: </div> (opened at line 531 class='about-block-child-img-container')
[549] CLOSE: </div> (opened at line 528 class='about-block-child')
[550] OPEN:  <div class='about-block-child'>
[551] OPEN:  <div class='about-block-child-container html-remove'>
[561] CLOSE: </div> (opened at line 551 class='about-block-child-container html-remove')
[562] CLOSE: </div> (opened at line 550 class='about-block-child')
[564] CLOSE: </div> (opened at line 527 class='about-block-parent')
[565] CLOSE: </section> (opened at line 524 id='about' class='about-block about-block-mob')
[568] OPEN:  <section class='services-block animsec '>
[571] OPEN:  <div class='cards'>
[573] OPEN:  <div class='gallery-container'>
[574] OPEN:  <div class='swiper-container gallery-thumbs'>
[575] OPEN:  <div class='swiper-wrapper'>
[576] OPEN:  <div class='swiper-slide blue-color1'>
[576] CLOSE: </div> (opened at line 576 class='swiper-slide blue-color1')
[577] OPEN:  <div class='swiper-slide orange-color1'>
[577] CLOSE: </div> (opened at line 577 class='swiper-slide orange-color1')
[578] OPEN:  <div class='swiper-slide skyblue-color1'>
[578] CLOSE: </div> (opened at line 578 class='swiper-slide skyblue-color1')
[579] OPEN:  <div class='swiper-slide brandBlue-color1'>
[579] CLOSE: </div> (opened at line 579 class='swiper-slide brandBlue-color1')
[580] OPEN:  <div class='swiper-slide green-color1'>
[580] CLOSE: </div> (opened at line 580 class='swiper-slide green-color1')
[581] OPEN:  <div class='swiper-slide lightOrange-color1'>
[581] CLOSE: </div> (opened at line 581 class='swiper-slide lightOrange-color1')
[582] CLOSE: </div> (opened at line 575 class='swiper-wrapper')
[583] OPEN:  <div class='swiper-button-prev'>
[583] CLOSE: </div> (opened at line 583 class='swiper-button-prev')
[584] OPEN:  <div class='swiper-button-next'>
[584] CLOSE: </div> (opened at line 584 class='swiper-button-next')
[585] CLOSE: </div> (opened at line 574 class='swiper-container gallery-thumbs')
[586] OPEN:  <div class='swiper-container gallery-main'>
[587] OPEN:  <div class='swiper-wrapper'>
[590] OPEN:  <div class='swiper-slide'>
[591] OPEN:  <div class='tab-box blue-color'>
[594] OPEN:  <div class='row'>
[595] OPEN:  <div class='col-lg-6'>
[604] CLOSE: </div> (opened at line 595 class='col-lg-6')
[605] OPEN:  <div class='col-lg-6'>
[606] OPEN:  <div class='box-wrapper'>
[607] OPEN:  <div class='pic-box1 pos-x1 pr-img1'>
[607] CLOSE: </div> (opened at line 607 class='pic-box1 pos-x1 pr-img1')
[608] OPEN:  <div class='pic-box2 pos-x2 pr-img2'>
[608] CLOSE: </div> (opened at line 608 class='pic-box2 pos-x2 pr-img2')
[609] OPEN:  <div class='pic-box2 pos-x3 pr-img2'>
[609] CLOSE: </div> (opened at line 609 class='pic-box2 pos-x3 pr-img2')
[610] CLOSE: </div> (opened at line 606 class='box-wrapper')
[611] CLOSE: </div> (opened at line 605 class='col-lg-6')
[612] CLOSE: </div> (opened at line 594 class='row')
[613] CLOSE: </div> (opened at line 591 class='tab-box blue-color')
[614] CLOSE: </div> (opened at line 590 class='swiper-slide')
[617] OPEN:  <div class='swiper-slide'>
[618] OPEN:  <div class='tab-box orange-color'>
[621] OPEN:  <div class='row'>
[622] OPEN:  <div class='col-lg-6'>
[631] CLOSE: </div> (opened at line 622 class='col-lg-6')
[632] OPEN:  <div class='col-lg-6'>
[633] OPEN:  <div class='box-wrapper'>
[634] OPEN:  <div class='pic-box1 pos-x4 pr-img1'>
[634] CLOSE: </div> (opened at line 634 class='pic-box1 pos-x4 pr-img1')
[635] OPEN:  <div class='pic-box2 pos-x5 pr-img2'>
[635] CLOSE: </div> (opened at line 635 class='pic-box2 pos-x5 pr-img2')
[636] OPEN:  <div class='pic-box2 pos-x6 pr-img2'>
[636] CLOSE: </div> (opened at line 636 class='pic-box2 pos-x6 pr-img2')
[637] CLOSE: </div> (opened at line 633 class='box-wrapper')
[638] CLOSE: </div> (opened at line 632 class='col-lg-6')
[639] CLOSE: </div> (opened at line 621 class='row')
[640] CLOSE: </div> (opened at line 618 class='tab-box orange-color')
[641] CLOSE: </div> (opened at line 617 class='swiper-slide')
[644] OPEN:  <div class='swiper-slide'>
[645] OPEN:  <div class='tab-box skyblue-color'>
[648] OPEN:  <div class='row'>
[649] OPEN:  <div class='col-lg-6'>
[658] CLOSE: </div> (opened at line 649 class='col-lg-6')
[659] OPEN:  <div class='col-lg-6'>
[660] OPEN:  <div class='box-wrapper'>
[661] OPEN:  <div class='pic-box1 pos-x1 pr-img1'>
[661] CLOSE: </div> (opened at line 661 class='pic-box1 pos-x1 pr-img1')
[662] OPEN:  <div class='pic-box2 pos-x2 pr-img2'>
[662] CLOSE: </div> (opened at line 662 class='pic-box2 pos-x2 pr-img2')
[663] OPEN:  <div class='pic-box2 pos-x3 pr-img2'>
[663] CLOSE: </div> (opened at line 663 class='pic-box2 pos-x3 pr-img2')
[664] CLOSE: </div> (opened at line 660 class='box-wrapper')
[665] CLOSE: </div> (opened at line 659 class='col-lg-6')
[666] CLOSE: </div> (opened at line 648 class='row')
[667] CLOSE: </div> (opened at line 645 class='tab-box skyblue-color')
[668] CLOSE: </div> (opened at line 644 class='swiper-slide')
[671] OPEN:  <div class='swiper-slide'>
[672] OPEN:  <div class='tab-box brandBlue-color'>
[675] OPEN:  <div class='row'>
[676] OPEN:  <div class='col-lg-6'>
[685] CLOSE: </div> (opened at line 676 class='col-lg-6')
[686] OPEN:  <div class='col-lg-6'>
[687] OPEN:  <div class='box-wrapper'>
[688] OPEN:  <div class='pic-box1 pos-x4 pr-img1'>
[688] CLOSE: </div> (opened at line 688 class='pic-box1 pos-x4 pr-img1')
[689] OPEN:  <div class='pic-box2 pos-x5 pr-img2'>
[689] CLOSE: </div> (opened at line 689 class='pic-box2 pos-x5 pr-img2')
[690] OPEN:  <div class='pic-box2 pos-x6 pr-img2'>
[690] CLOSE: </div> (opened at line 690 class='pic-box2 pos-x6 pr-img2')
[691] CLOSE: </div> (opened at line 687 class='box-wrapper')
[692] CLOSE: </div> (opened at line 686 class='col-lg-6')
[693] CLOSE: </div> (opened at line 675 class='row')
[694] CLOSE: </div> (opened at line 672 class='tab-box brandBlue-color')
[695] CLOSE: </div> (opened at line 671 class='swiper-slide')
[698] OPEN:  <div class='swiper-slide'>
[699] OPEN:  <div class='tab-box green-color'>
[702] OPEN:  <div class='row'>
[703] OPEN:  <div class='col-lg-6'>
[712] CLOSE: </div> (opened at line 703 class='col-lg-6')
[713] OPEN:  <div class='col-lg-6'>
[714] OPEN:  <div class='box-wrapper'>
[715] OPEN:  <div class='pic-box1 pos-x1 pr-img1'>
[715] CLOSE: </div> (opened at line 715 class='pic-box1 pos-x1 pr-img1')
[716] OPEN:  <div class='pic-box2 pos-x2 pr-img2'>
[716] CLOSE: </div> (opened at line 716 class='pic-box2 pos-x2 pr-img2')
[717] OPEN:  <div class='pic-box2 pos-x3 pr-img2'>
[717] CLOSE: </div> (opened at line 717 class='pic-box2 pos-x3 pr-img2')
[718] CLOSE: </div> (opened at line 714 class='box-wrapper')
[719] CLOSE: </div> (opened at line 713 class='col-lg-6')
[720] CLOSE: </div> (opened at line 702 class='row')
[721] CLOSE: </div> (opened at line 699 class='tab-box green-color')
[722] CLOSE: </div> (opened at line 698 class='swiper-slide')
[725] OPEN:  <div class='swiper-slide'>
[726] OPEN:  <div class='tab-box lightOrange-color'>
[729] OPEN:  <div class='row'>
[730] OPEN:  <div class='col-lg-6'>
[739] CLOSE: </div> (opened at line 730 class='col-lg-6')
[740] OPEN:  <div class='col-lg-6'>
[741] OPEN:  <div class='box-wrapper'>
[742] OPEN:  <div class='pic-box1 pos-x4 pr-img1'>
[742] CLOSE: </div> (opened at line 742 class='pic-box1 pos-x4 pr-img1')
[743] OPEN:  <div class='pic-box2 pos-x5 pr-img2'>
[743] CLOSE: </div> (opened at line 743 class='pic-box2 pos-x5 pr-img2')
[744] OPEN:  <div class='pic-box2 pos-x6 pr-img2'>
[744] CLOSE: </div> (opened at line 744 class='pic-box2 pos-x6 pr-img2')
[745] CLOSE: </div> (opened at line 741 class='box-wrapper')
[746] CLOSE: </div> (opened at line 740 class='col-lg-6')
[747] CLOSE: </div> (opened at line 729 class='row')
[748] CLOSE: </div> (opened at line 726 class='tab-box lightOrange-color')
[749] CLOSE: </div> (opened at line 725 class='swiper-slide')
[751] CLOSE: </div> (opened at line 587 class='swiper-wrapper')
[752] CLOSE: </div> (opened at line 586 class='swiper-container gallery-main')
[752] OPEN:  <div class='clearfix'>
[752] CLOSE: </div> (opened at line 752 class='clearfix')
[753] CLOSE: </div> (opened at line 573 class='gallery-container')
[754] CLOSE: </div> (opened at line 571 class='cards')
[755] CLOSE: </section> (opened at line 568 class='services-block animsec ')
[756] OPEN:  <section class='parrallax-block animsec'>
[757] OPEN:  <div class='container-fluid'>
[758] OPEN:  <div class='row align-items-center'>
[759] OPEN:  <div class='col-md-6 pos-rel'>
[763] OPEN:  <div class='choose_abt'>
[767] CLOSE: </div> (opened at line 763 class='choose_abt')
[768] CLOSE: </div> (opened at line 759 class='col-md-6 pos-rel')
[769] OPEN:  <div class='col-md-6 pos-rel'>
[774] OPEN:  <div class='list-service-item'>
[775] OPEN:  <div class='icon-box'>
[777] CLOSE: </div> (opened at line 775 class='icon-box')
[778] OPEN:  <div class='list-service-content'>
[781] CLOSE: </div> (opened at line 778 class='list-service-content')
[782] CLOSE: </div> (opened at line 774 class='list-service-item')
[786] OPEN:  <div class='list-service-item'>
[787] OPEN:  <div class='icon-box'>
[789] CLOSE: </div> (opened at line 787 class='icon-box')
[790] OPEN:  <div class='list-service-content'>
[793] CLOSE: </div> (opened at line 790 class='list-service-content')
[794] CLOSE: </div> (opened at line 786 class='list-service-item')
[798] OPEN:  <div class='list-service-item'>
[799] OPEN:  <div class='icon-box'>
[801] CLOSE: </div> (opened at line 799 class='icon-box')
[802] OPEN:  <div class='list-service-content'>
[805] CLOSE: </div> (opened at line 802 class='list-service-content')
[806] CLOSE: </div> (opened at line 798 class='list-service-item')
[810] OPEN:  <div class='list-service-item'>
[811] OPEN:  <div class='icon-box'>
[813] CLOSE: </div> (opened at line 811 class='icon-box')
[814] OPEN:  <div class='list-service-content'>
[817] CLOSE: </div> (opened at line 814 class='list-service-content')
[818] CLOSE: </div> (opened at line 810 class='list-service-item')
[822] OPEN:  <div class='list-service-item'>
[823] OPEN:  <div class='icon-box'>
[825] CLOSE: </div> (opened at line 823 class='icon-box')
[826] OPEN:  <div class='list-service-content'>
[829] CLOSE: </div> (opened at line 826 class='list-service-content')
[830] CLOSE: </div> (opened at line 822 class='list-service-item')
[834] OPEN:  <div class='list-service-item'>
[835] OPEN:  <div class='icon-box'>
[837] CLOSE: </div> (opened at line 835 class='icon-box')
[838] OPEN:  <div class='list-service-content'>
[841] CLOSE: </div> (opened at line 838 class='list-service-content')
[842] CLOSE: </div> (opened at line 834 class='list-service-item')
[845] CLOSE: </div> (opened at line 769 class='col-md-6 pos-rel')
[846] CLOSE: </div> (opened at line 758 class='row align-items-center')
[847] CLOSE: </div> (opened at line 757 class='container-fluid')
[848] CLOSE: </section> (opened at line 756 class='parrallax-block animsec')
[852] OPEN:  <section class='testimonial-block animsec'>
[853] OPEN:  <div class='container-custom1'>
[856] OPEN:  <div class='row'>
[857] OPEN:  <div class='col-md-4 col-sm-6'>
[858] OPEN:  <div class='card-block js-tilt'>
[859] OPEN:  <div class='bg'>
[859] CLOSE: </div> (opened at line 859 class='bg')
[862] OPEN:  <div class='test-contents'>
[865] CLOSE: </div> (opened at line 862 class='test-contents')
[866] CLOSE: </div> (opened at line 858 class='card-block js-tilt')
[867] CLOSE: </div> (opened at line 857 class='col-md-4 col-sm-6')
[868] OPEN:  <div class='col-md-4 col-sm-6'>
[869] OPEN:  <div class='card-block js-tilt'>
[870] OPEN:  <div class='bg'>
[870] CLOSE: </div> (opened at line 870 class='bg')
[873] OPEN:  <div class='test-contents'>
[876] CLOSE: </div> (opened at line 873 class='test-contents')
[877] CLOSE: </div> (opened at line 869 class='card-block js-tilt')
[878] CLOSE: </div> (opened at line 868 class='col-md-4 col-sm-6')
[879] OPEN:  <div class='col-md-4 col-sm-12'>
[880] OPEN:  <div class='card-block js-tilt'>
[881] OPEN:  <div class='bg'>
[881] CLOSE: </div> (opened at line 881 class='bg')
[884] OPEN:  <div class='test-contents'>
[887] CLOSE: </div> (opened at line 884 class='test-contents')
[888] CLOSE: </div> (opened at line 880 class='card-block js-tilt')
[889] CLOSE: </div> (opened at line 879 class='col-md-4 col-sm-12')
[890] CLOSE: </div> (opened at line 856 class='row')
[891] OPEN:  <div class='row'>
[892] OPEN:  <div class='col-12 text-center'>
[894] CLOSE: </div> (opened at line 892 class='col-12 text-center')
[895] CLOSE: </div> (opened at line 891 class='row')
[896] CLOSE: </div> (opened at line 853 class='container-custom1')
[897] CLOSE: </section> (opened at line 852 class='testimonial-block animsec')
[898] OPEN:  <section class='casestudy-block'>
[899] OPEN:  <div class='container process-title-container'>
[902] CLOSE: </div> (opened at line 899 class='container process-title-container')
[903] OPEN:  <div id='casestudy_slider' class='owl-carousel owl-theme'>
[906] OPEN:  <div class='item case-bg11'>
[907] OPEN:  <div class='container'>
[908] OPEN:  <div class='row html-remove'>
[909] OPEN:  <div class='col-sm-4'>
[910] OPEN:  <div class='case_head'>
[914] CLOSE: </div> (opened at line 910 class='case_head')
[915] CLOSE: </div> (opened at line 909 class='col-sm-4')
[916] OPEN:  <div class='col-sm-8'>
[917] OPEN:  <div class='case-pic'>
[917] CLOSE: </div> (opened at line 917 class='case-pic')
[918] OPEN:  <div class='case-box'>
[920] CLOSE: </div> (opened at line 918 class='case-box')
[921] OPEN:  <div class='item-counts'>
[921] CLOSE: </div> (opened at line 921 class='item-counts')
[922] CLOSE: </div> (opened at line 916 class='col-sm-8')
[923] CLOSE: </div> (opened at line 908 class='row html-remove')
[924] CLOSE: </div> (opened at line 907 class='container')
[925] CLOSE: </div> (opened at line 906 class='item case-bg11')
[928] OPEN:  <div class='item case-bg12'>
[929] OPEN:  <div class='container'>
[930] OPEN:  <div class='row html-remove'>
[931] OPEN:  <div class='col-sm-4'>
[932] OPEN:  <div class='case_head'>
[936] CLOSE: </div> (opened at line 932 class='case_head')
[937] CLOSE: </div> (opened at line 931 class='col-sm-4')
[938] OPEN:  <div class='col-sm-8'>
[939] OPEN:  <div class='case-pic'>
[939] CLOSE: </div> (opened at line 939 class='case-pic')
[940] OPEN:  <div class='case-box'>
[942] CLOSE: </div> (opened at line 940 class='case-box')
[943] OPEN:  <div class='item-counts'>
[943] CLOSE: </div> (opened at line 943 class='item-counts')
[944] CLOSE: </div> (opened at line 938 class='col-sm-8')
[945] CLOSE: </div> (opened at line 930 class='row html-remove')
[946] CLOSE: </div> (opened at line 929 class='container')
[947] CLOSE: </div> (opened at line 928 class='item case-bg12')
[950] OPEN:  <div class='item case-bg13'>
[951] OPEN:  <div class='container'>
[952] OPEN:  <div class='row html-remove'>
[953] OPEN:  <div class='col-sm-4'>
[954] OPEN:  <div class='case_head'>
[958] CLOSE: </div> (opened at line 954 class='case_head')
[959] CLOSE: </div> (opened at line 953 class='col-sm-4')
[960] OPEN:  <div class='col-sm-8'>
[961] OPEN:  <div class='case-pic'>
[961] CLOSE: </div> (opened at line 961 class='case-pic')
[962] OPEN:  <div class='case-box'>
[964] CLOSE: </div> (opened at line 962 class='case-box')
[965] OPEN:  <div class='item-counts'>
[965] CLOSE: </div> (opened at line 965 class='item-counts')
[966] CLOSE: </div> (opened at line 960 class='col-sm-8')
[967] CLOSE: </div> (opened at line 952 class='row html-remove')
[968] CLOSE: </div> (opened at line 951 class='container')
[969] CLOSE: </div> (opened at line 950 class='item case-bg13')
[972] OPEN:  <div class='item case-bg1'>
[973] OPEN:  <div class='container'>
[974] OPEN:  <div class='row html-remove'>
[975] OPEN:  <div class='col-sm-4'>
[976] OPEN:  <div class='case_head'>
[980] CLOSE: </div> (opened at line 976 class='case_head')
[981] CLOSE: </div> (opened at line 975 class='col-sm-4')
[982] OPEN:  <div class='col-sm-8'>
[983] OPEN:  <div class='case-pic'>
[983] CLOSE: </div> (opened at line 983 class='case-pic')
[984] OPEN:  <div class='case-box'>
[986] CLOSE: </div> (opened at line 984 class='case-box')
[987] OPEN:  <div class='item-counts'>
[987] CLOSE: </div> (opened at line 987 class='item-counts')
[988] CLOSE: </div> (opened at line 982 class='col-sm-8')
[989] CLOSE: </div> (opened at line 974 class='row html-remove')
[990] CLOSE: </div> (opened at line 973 class='container')
[991] CLOSE: </div> (opened at line 972 class='item case-bg1')
[994] OPEN:  <div class='item case-bg2'>
[995] OPEN:  <div class='container'>
[996] OPEN:  <div class='row html-remove'>
[997] OPEN:  <div class='col-sm-4'>
[998] OPEN:  <div class='case_head'>
[1002] CLOSE: </div> (opened at line 998 class='case_head')
[1003] CLOSE: </div> (opened at line 997 class='col-sm-4')
[1004] OPEN:  <div class='col-sm-8'>
[1005] OPEN:  <div class='case-pic'>
[1005] CLOSE: </div> (opened at line 1005 class='case-pic')
[1006] OPEN:  <div class='case-box'>
[1008] CLOSE: </div> (opened at line 1006 class='case-box')
[1009] OPEN:  <div class='item-counts'>
[1009] CLOSE: </div> (opened at line 1009 class='item-counts')
[1010] CLOSE: </div> (opened at line 1004 class='col-sm-8')
[1011] CLOSE: </div> (opened at line 996 class='row html-remove')
[1012] CLOSE: </div> (opened at line 995 class='container')
[1013] CLOSE: </div> (opened at line 994 class='item case-bg2')
[1016] OPEN:  <div class='item case-bg22'>
[1017] OPEN:  <div class='container'>
[1018] OPEN:  <div class='row html-remove'>
[1019] OPEN:  <div class='col-sm-4'>
[1020] OPEN:  <div class='case_head'>
[1024] CLOSE: </div> (opened at line 1020 class='case_head')
[1025] CLOSE: </div> (opened at line 1019 class='col-sm-4')
[1026] OPEN:  <div class='col-sm-8'>
[1027] OPEN:  <div class='case-pic'>
[1027] CLOSE: </div> (opened at line 1027 class='case-pic')
[1028] OPEN:  <div class='case-box'>
[1030] CLOSE: </div> (opened at line 1028 class='case-box')
[1031] OPEN:  <div class='item-counts'>
[1031] CLOSE: </div> (opened at line 1031 class='item-counts')
[1032] CLOSE: </div> (opened at line 1026 class='col-sm-8')
[1033] CLOSE: </div> (opened at line 1018 class='row html-remove')
[1034] CLOSE: </div> (opened at line 1017 class='container')
[1035] CLOSE: </div> (opened at line 1016 class='item case-bg22')
[1038] OPEN:  <div class='item case-bg3'>
[1039] OPEN:  <div class='container'>
[1040] OPEN:  <div class='row html-remove'>
[1041] OPEN:  <div class='col-sm-4'>
[1042] OPEN:  <div class='case_head'>
[1046] CLOSE: </div> (opened at line 1042 class='case_head')
[1047] CLOSE: </div> (opened at line 1041 class='col-sm-4')
[1048] OPEN:  <div class='col-sm-8'>
[1049] OPEN:  <div class='case-pic'>
[1049] CLOSE: </div> (opened at line 1049 class='case-pic')
[1050] OPEN:  <div class='case-box'>
[1052] CLOSE: </div> (opened at line 1050 class='case-box')
[1053] OPEN:  <div class='item-counts'>
[1053] CLOSE: </div> (opened at line 1053 class='item-counts')
[1054] CLOSE: </div> (opened at line 1048 class='col-sm-8')
[1055] CLOSE: </div> (opened at line 1040 class='row html-remove')
[1056] CLOSE: </div> (opened at line 1039 class='container')
[1057] CLOSE: </div> (opened at line 1038 class='item case-bg3')
[1060] OPEN:  <div class='item case-bg32'>
[1061] OPEN:  <div class='container'>
[1062] OPEN:  <div class='row html-remove'>
[1063] OPEN:  <div class='col-sm-4'>
[1064] OPEN:  <div class='case_head'>
[1068] CLOSE: </div> (opened at line 1064 class='case_head')
[1069] CLOSE: </div> (opened at line 1063 class='col-sm-4')
[1070] OPEN:  <div class='col-sm-8'>
[1071] OPEN:  <div class='case-pic'>
[1071] CLOSE: </div> (opened at line 1071 class='case-pic')
[1072] OPEN:  <div class='case-box'>
[1074] CLOSE: </div> (opened at line 1072 class='case-box')
[1075] OPEN:  <div class='item-counts'>
[1075] CLOSE: </div> (opened at line 1075 class='item-counts')
[1076] CLOSE: </div> (opened at line 1070 class='col-sm-8')
[1077] CLOSE: </div> (opened at line 1062 class='row html-remove')
[1078] CLOSE: </div> (opened at line 1061 class='container')
[1079] CLOSE: </div> (opened at line 1060 class='item case-bg32')
[1081] CLOSE: </div> (opened at line 903 id='casestudy_slider' class='owl-carousel owl-theme')
[1082] CLOSE: </section> (opened at line 898 class='casestudy-block')
[1084] OPEN:  <section class='contact-block animsec'>
[1085] OPEN:  <div class='container'>
[1086] OPEN:  <div class='section-titles'>
[1094] CLOSE: </div> (opened at line 1086 class='section-titles')
[1095] OPEN:  <div class='row pos-rel'>
[1096] OPEN:  <div class='saiha-caps'>
[1098] CLOSE: </div> (opened at line 1096 class='saiha-caps')
[1099] OPEN:  <div class='col-12 text-center'>
[1101] CLOSE: </div> (opened at line 1099 class='col-12 text-center')
[1102] OPEN:  <div class='col-md-6 offset-md-6'>
[1105] OPEN:  <div class='row'>
[1106] OPEN:  <div class='form-group col-sm-6'>
[1109] CLOSE: </div> (opened at line 1106 class='form-group col-sm-6')
[1110] OPEN:  <div class='form-group col-sm-6'>
[1113] CLOSE: </div> (opened at line 1110 class='form-group col-sm-6')
[1114] OPEN:  <div class='form-group col-sm-6'>
[1117] CLOSE: </div> (opened at line 1114 class='form-group col-sm-6')
[1118] OPEN:  <div class='form-group col-sm-6'>
[1121] CLOSE: </div> (opened at line 1118 class='form-group col-sm-6')
[1122] OPEN:  <div class='form-group  col-12'>
[1125] CLOSE: </div> (opened at line 1122 class='form-group  col-12')
[1127] OPEN:  <div class='col-12 capcha-center'>
[1130] CLOSE: </div> (opened at line 1127 class='col-12 capcha-center')
[1134] CLOSE: </div> (opened at line 1105 class='row')
[1136] CLOSE: </div> (opened at line 1102 class='col-md-6 offset-md-6')
[1139] OPEN:  <div class='col-12 text-center'>
[1141] CLOSE: </div> (opened at line 1139 class='col-12 text-center')
[1142] CLOSE: </div> (opened at line 1095 class='row pos-rel')
[1144] CLOSE: </div> (opened at line 1085 class='container')
[1145] WARNING: Closing </div> implicitly closed:
  - <section class='contact-block animsec'> opened at line 1084
[1145] CLOSE: </div> (opened at line 155 class='viewport')
[1146] ERROR: Extra </div> (no open tag)
[1147] ERROR: Extra </section> (no open tag)
[1149] OPEN:  <section class='count-block'>
[1150] OPEN:  <div class='container'>
[1152] OPEN:  <div class='row'>
[1153] OPEN:  <div class='col-sm-3 col-6'>
[1154] OPEN:  <div class='num-counts'>
[1157] CLOSE: </div> (opened at line 1154 class='num-counts')
[1158] CLOSE: </div> (opened at line 1153 class='col-sm-3 col-6')
[1159] OPEN:  <div class='col-sm-3 col-6'>
[1160] OPEN:  <div class='num-counts'>
[1163] CLOSE: </div> (opened at line 1160 class='num-counts')
[1164] CLOSE: </div> (opened at line 1159 class='col-sm-3 col-6')
[1165] OPEN:  <div class='col-sm-3 col-6'>
[1166] OPEN:  <div class='num-counts'>
[1169] CLOSE: </div> (opened at line 1166 class='num-counts')
[1170] CLOSE: </div> (opened at line 1165 class='col-sm-3 col-6')
[1171] OPEN:  <div class='col-sm-3 col-6'>
[1172] OPEN:  <div class='num-counts'>
[1175] CLOSE: </div> (opened at line 1172 class='num-counts')
[1176] CLOSE: </div> (opened at line 1171 class='col-sm-3 col-6')
[1177] CLOSE: </div> (opened at line 1152 class='row')
[1178] CLOSE: </div> (opened at line 1150 class='container')
[1179] CLOSE: </section> (opened at line 1149 class='count-block')
[1183] OPEN:  <section class='clients-block'>
[1184] OPEN:  <div class='container'>
[1185] OPEN:  <div class='row'>
[1186] OPEN:  <div class='col-12 text-center'>
[1189] CLOSE: </div> (opened at line 1186 class='col-12 text-center')
[1190] CLOSE: </div> (opened at line 1185 class='row')
[1191] OPEN:  <div class='row justify-content-center'>
[1192] OPEN:  <div class='col-lg-4 col-sm-6 text-center'>
[1193] OPEN:  <div class='trust-card'>
[1197] CLOSE: </div> (opened at line 1193 class='trust-card')
[1198] CLOSE: </div> (opened at line 1192 class='col-lg-4 col-sm-6 text-center')
[1199] OPEN:  <div class='col-lg-4 col-sm-6 text-center'>
[1200] OPEN:  <div class='trust-card'>
[1204] CLOSE: </div> (opened at line 1200 class='trust-card')
[1205] CLOSE: </div> (opened at line 1199 class='col-lg-4 col-sm-6 text-center')
[1206] OPEN:  <div class='col-lg-4 col-sm-6 text-center'>
[1207] OPEN:  <div class='trust-card'>
[1211] CLOSE: </div> (opened at line 1207 class='trust-card')
[1212] CLOSE: </div> (opened at line 1206 class='col-lg-4 col-sm-6 text-center')
[1213] OPEN:  <div class='col-lg-4 col-sm-6 text-center mt-lg-4'>
[1214] OPEN:  <div class='trust-card'>
[1218] CLOSE: </div> (opened at line 1214 class='trust-card')
[1219] CLOSE: </div> (opened at line 1213 class='col-lg-4 col-sm-6 text-center mt-lg-4')
[1220] OPEN:  <div class='col-lg-4 col-sm-6 text-center mt-lg-4'>
[1221] OPEN:  <div class='trust-card'>
[1225] CLOSE: </div> (opened at line 1221 class='trust-card')
[1226] CLOSE: </div> (opened at line 1220 class='col-lg-4 col-sm-6 text-center mt-lg-4')
[1227] OPEN:  <div class='col-lg-4 col-sm-6 text-center mt-lg-4'>
[1228] OPEN:  <div class='trust-card'>
[1232] CLOSE: </div> (opened at line 1228 class='trust-card')
[1233] CLOSE: </div> (opened at line 1227 class='col-lg-4 col-sm-6 text-center mt-lg-4')
[1234] CLOSE: </div> (opened at line 1191 class='row justify-content-center')
[1235] CLOSE: </div> (opened at line 1184 class='container')
[1236] CLOSE: </section> (opened at line 1183 class='clients-block')
[1238] OPEN:  <section class='blog-section'>
[1239] OPEN:  <div class='blog-head2'>
[1242] CLOSE: </div> (opened at line 1239 class='blog-head2')
[1244] OPEN:  <div class='blog-content'>
[1245] OPEN:  <div class='blog-grid-section grid-div2'>
[1248] OPEN:  <div class='cards bounce-div'>
[1249] OPEN:  <div class='img-div'>
[1251] CLOSE: </div> (opened at line 1249 class='img-div')
[1252] OPEN:  <div class='post-content'>
[1255] OPEN:  <div class='dp-div'>
[1256] OPEN:  <div class='img-div2'>
[1258] CLOSE: </div> (opened at line 1256 class='img-div2')
[1260] CLOSE: </div> (opened at line 1255 class='dp-div')
[1261] CLOSE: </div> (opened at line 1252 class='post-content')
[1262] CLOSE: </div> (opened at line 1248 class='cards bounce-div')
[1265] OPEN:  <div class='cards bounce-div'>
[1266] OPEN:  <div class='img-div'>
[1268] CLOSE: </div> (opened at line 1266 class='img-div')
[1269] OPEN:  <div class='post-content'>
[1272] OPEN:  <div class='dp-div'>
[1273] OPEN:  <div class='img-div2'>
[1275] CLOSE: </div> (opened at line 1273 class='img-div2')
[1277] CLOSE: </div> (opened at line 1272 class='dp-div')
[1278] CLOSE: </div> (opened at line 1269 class='post-content')
[1279] CLOSE: </div> (opened at line 1265 class='cards bounce-div')
[1282] OPEN:  <div class='cards bounce-div'>
[1283] OPEN:  <div class='img-div'>
[1285] CLOSE: </div> (opened at line 1283 class='img-div')
[1286] OPEN:  <div class='post-content'>
[1289] OPEN:  <div class='dp-div'>
[1290] OPEN:  <div class='img-div2'>
[1292] CLOSE: </div> (opened at line 1290 class='img-div2')
[1294] CLOSE: </div> (opened at line 1289 class='dp-div')
[1295] CLOSE: </div> (opened at line 1286 class='post-content')
[1296] CLOSE: </div> (opened at line 1282 class='cards bounce-div')
[1298] CLOSE: </div> (opened at line 1245 class='blog-grid-section grid-div2')
[1299] CLOSE: </div> (opened at line 1244 class='blog-content')
[1300] CLOSE: </section> (opened at line 1238 class='blog-section')
[1301] OPEN:  <footer class='footer-block'>
[1302] OPEN:  <div class='container-fluid'>
[1303] OPEN:  <div class='row'>
[1304] OPEN:  <div class='col-sm-3 html-remove'>
[1306] CLOSE: </div> (opened at line 1304 class='col-sm-3 html-remove')
[1307] OPEN:  <div class='col-sm-5 hide'>
[1308] OPEN:  <div class='row'>
[1309] OPEN:  <div class='col-sm-4'>
[1316] CLOSE: </div> (opened at line 1309 class='col-sm-4')
[1318] OPEN:  <div class='col-sm-4'>
[1319] CLOSE: </div> (opened at line 1318 class='col-sm-4')
[1320] OPEN:  <div class='col-sm-4'>
[1327] CLOSE: </div> (opened at line 1320 class='col-sm-4')
[1330] CLOSE: </div> (opened at line 1308 class='row')
[1331] CLOSE: </div> (opened at line 1307 class='col-sm-5 hide')
[1332] OPEN:  <div class='col-sm-4 locate-us'>
[1351] CLOSE: </div> (opened at line 1332 class='col-sm-4 locate-us')
[1352] CLOSE: </div> (opened at line 1303 class='row')
[1353] CLOSE: </div> (opened at line 1302 class='container-fluid')
[1354] OPEN:  <div class='copyrights'>
[1356] CLOSE: </div> (opened at line 1354 class='copyrights')
[1357] CLOSE: </footer> (opened at line 1301 class='footer-block')
[1358] ERROR: Extra </div> (no open tag)
[1359] ERROR: Extra </div> (no open tag)
[1597] CLOSE: </body> (opened at line 134)
[1599] CLOSE: </html> (opened at line 2)