[2] OPEN:  <html>
[134] OPEN:  <body>
[144] OPEN:  <div id='loading2'>
[145] OPEN:  <div class='load'>
[145] CLOSE: </div> (opened at line 145 class='load')
[146] CLOSE: </div> (opened at line 144 id='loading2')
[147] OPEN:  <div class='cursor'>
[147] CLOSE: </div> (opened at line 147 class='cursor')
[148] OPEN:  <div class='cursor-follower'>
[148] CLOSE: </div> (opened at line 148 class='cursor-follower')
[149] OPEN:  <div class='cursor-follower2'>
[149] CLOSE: </div> (opened at line 149 class='cursor-follower2')
[150] OPEN:  <div class='overlay first'>
[150] CLOSE: </div> (opened at line 150 class='overlay first')
[151] OPEN:  <div class='overlay second'>
[151] CLOSE: </div> (opened at line 151 class='overlay second')
[152] OPEN:  <div class='overlay third'>
[152] CLOSE: </div> (opened at line 152 class='overlay third')
[155] OPEN:  <div class='viewport'>
[156] OPEN:  <div class='menu'>
[158] OPEN:  <div class='toggle-btn'>
[161] CLOSE: </div> (opened at line 158 class='toggle-btn')
[162] OPEN:  <div class='data'>
[168] OPEN:  <div class='menu-div'>
[171] CLOSE: </div> (opened at line 168 class='menu-div')
[180] OPEN:  <div class='menu-div'>
[183] CLOSE: </div> (opened at line 180 class='menu-div')
[197] CLOSE: </div> (opened at line 162 class='data')
[199] OPEN:  <div class='logo-s1'>
[199] CLOSE: </div> (opened at line 199 class='logo-s1')
[201] CLOSE: </div> (opened at line 156 class='menu')
[202] OPEN:  <div id='scroll-container' class='smooth-scroll'>
[205] OPEN:  <header class='brand-header'>
[207] OPEN:  <div class='brand-logo white-logo html-remove'>
[209] CLOSE: </div> (opened at line 207 class='brand-logo white-logo html-remove')
[210] OPEN:  <div class='searchBox'>
[223] CLOSE: </div> (opened at line 210 class='searchBox')
[224] OPEN:  <div class='home-menu white-logo'>
[226] CLOSE: </div> (opened at line 224 class='home-menu white-logo')
[228] CLOSE: </header> (opened at line 205 class='brand-header')
[229] OPEN:  <div class='h-socialnavs '>
[243] CLOSE: </div> (opened at line 229 class='h-socialnavs ')
[245] OPEN:  <section class='hero-block home-banner-section mobile-banner-section'>
[246] OPEN:  <div class='hero-bg-blobs'>
[247] OPEN:  <div class='hero-blob-1'>
[247] CLOSE: </div> (opened at line 247 class='hero-blob-1')
[248] OPEN:  <div class='hero-blob-2'>
[248] CLOSE: </div> (opened at line 248 class='hero-blob-2')
[249] CLOSE: </div> (opened at line 246 class='hero-bg-blobs')
[250] OPEN:  <div class='container'>
[251] OPEN:  <div class='hero-content-wrapper'>
[252] OPEN:  <div class='hero-badge'>
[252] CLOSE: </div> (opened at line 252 class='hero-badge')
[255] OPEN:  <div class='hero-ctas'>
[258] CLOSE: </div> (opened at line 255 class='hero-ctas')
[259] CLOSE: </div> (opened at line 251 class='hero-content-wrapper')
[260] CLOSE: </div> (opened at line 250 class='container')
[261] CLOSE: </section> (opened at line 245 class='hero-block home-banner-section mobile-banner-section')
[264] OPEN:  <div class='shadow-block'>
[266] CLOSE: </div> (opened at line 264 class='shadow-block')
[268] OPEN:  <div class='scroll-down d-md-none d-lg-block '>
[281] CLOSE: </div> (opened at line 268 class='scroll-down d-md-none d-lg-block ')
[307] OPEN:  <section id='about' class='about-block-new animsec'>
[308] OPEN:  <div class='about-bg-blobs'>
[309] OPEN:  <div class='about-blob-1'>
[309] CLOSE: </div> (opened at line 309 class='about-blob-1')
[310] CLOSE: </div> (opened at line 308 class='about-bg-blobs')
[311] OPEN:  <div class='container'>
[312] OPEN:  <div class='about-grid'>
[313] OPEN:  <div class='about-content-col'>
[314] OPEN:  <div class='about-badge'>
[314] CLOSE: </div> (opened at line 314 class='about-badge')
[319] OPEN:  <div class='about-ctas'>
[321] CLOSE: </div> (opened at line 319 class='about-ctas')
[322] CLOSE: </div> (opened at line 313 class='about-content-col')
[323] OPEN:  <div class='about-visual-col'>
[324] OPEN:  <div class='about-visual-wrapper'>
[326] OPEN:  <div class='about-floating-card card-1'>
[327] OPEN:  <div class='card-icon'>
[327] CLOSE: </div> (opened at line 327 class='card-icon')
[328] OPEN:  <div class='card-info'>
[331] CLOSE: </div> (opened at line 328 class='card-info')
[332] CLOSE: </div> (opened at line 326 class='about-floating-card card-1')
[333] OPEN:  <div class='about-floating-card card-2'>
[334] OPEN:  <div class='card-icon'>
[334] CLOSE: </div> (opened at line 334 class='card-icon')
[335] OPEN:  <div class='card-info'>
[338] CLOSE: </div> (opened at line 335 class='card-info')
[339] CLOSE: </div> (opened at line 333 class='about-floating-card card-2')
[340] CLOSE: </div> (opened at line 324 class='about-visual-wrapper')
[341] CLOSE: </div> (opened at line 323 class='about-visual-col')
[342] CLOSE: </div> (opened at line 312 class='about-grid')
[343] CLOSE: </div> (opened at line 311 class='container')
[344] CLOSE: </section> (opened at line 307 id='about' class='about-block-new animsec')
[347] OPEN:  <section class='services-block animsec '>
[350] OPEN:  <div class='cards'>
[352] OPEN:  <div class='gallery-container'>
[353] OPEN:  <div class='swiper-container gallery-thumbs'>
[354] OPEN:  <div class='swiper-wrapper'>
[355] OPEN:  <div class='swiper-slide blue-color1'>
[355] CLOSE: </div> (opened at line 355 class='swiper-slide blue-color1')
[356] OPEN:  <div class='swiper-slide orange-color1'>
[356] CLOSE: </div> (opened at line 356 class='swiper-slide orange-color1')
[357] OPEN:  <div class='swiper-slide skyblue-color1'>
[357] CLOSE: </div> (opened at line 357 class='swiper-slide skyblue-color1')
[358] OPEN:  <div class='swiper-slide brandBlue-color1'>
[358] CLOSE: </div> (opened at line 358 class='swiper-slide brandBlue-color1')
[359] OPEN:  <div class='swiper-slide green-color1'>
[359] CLOSE: </div> (opened at line 359 class='swiper-slide green-color1')
[360] OPEN:  <div class='swiper-slide lightOrange-color1'>
[360] CLOSE: </div> (opened at line 360 class='swiper-slide lightOrange-color1')
[361] CLOSE: </div> (opened at line 354 class='swiper-wrapper')
[362] OPEN:  <div class='swiper-button-prev'>
[362] CLOSE: </div> (opened at line 362 class='swiper-button-prev')
[363] OPEN:  <div class='swiper-button-next'>
[363] CLOSE: </div> (opened at line 363 class='swiper-button-next')
[364] CLOSE: </div> (opened at line 353 class='swiper-container gallery-thumbs')
[365] OPEN:  <div class='swiper-container gallery-main'>
[366] OPEN:  <div class='swiper-wrapper'>
[369] OPEN:  <div class='swiper-slide'>
[370] OPEN:  <div class='tab-box blue-color'>
[373] OPEN:  <div class='row'>
[374] OPEN:  <div class='col-lg-6'>
[383] CLOSE: </div> (opened at line 374 class='col-lg-6')
[384] OPEN:  <div class='col-lg-6'>
[385] OPEN:  <div class='box-wrapper'>
[386] OPEN:  <div class='pic-box1 pos-x1 pr-img1'>
[386] CLOSE: </div> (opened at line 386 class='pic-box1 pos-x1 pr-img1')
[387] OPEN:  <div class='pic-box2 pos-x2 pr-img2'>
[387] CLOSE: </div> (opened at line 387 class='pic-box2 pos-x2 pr-img2')
[388] OPEN:  <div class='pic-box2 pos-x3 pr-img2'>
[388] CLOSE: </div> (opened at line 388 class='pic-box2 pos-x3 pr-img2')
[389] CLOSE: </div> (opened at line 385 class='box-wrapper')
[390] CLOSE: </div> (opened at line 384 class='col-lg-6')
[391] CLOSE: </div> (opened at line 373 class='row')
[392] CLOSE: </div> (opened at line 370 class='tab-box blue-color')
[393] CLOSE: </div> (opened at line 369 class='swiper-slide')
[396] OPEN:  <div class='swiper-slide'>
[397] OPEN:  <div class='tab-box orange-color'>
[400] OPEN:  <div class='row'>
[401] OPEN:  <div class='col-lg-6'>
[410] CLOSE: </div> (opened at line 401 class='col-lg-6')
[411] OPEN:  <div class='col-lg-6'>
[412] OPEN:  <div class='box-wrapper'>
[413] OPEN:  <div class='pic-box1 pos-x4 pr-img1'>
[413] CLOSE: </div> (opened at line 413 class='pic-box1 pos-x4 pr-img1')
[414] OPEN:  <div class='pic-box2 pos-x5 pr-img2'>
[414] CLOSE: </div> (opened at line 414 class='pic-box2 pos-x5 pr-img2')
[415] OPEN:  <div class='pic-box2 pos-x6 pr-img2'>
[415] CLOSE: </div> (opened at line 415 class='pic-box2 pos-x6 pr-img2')
[416] CLOSE: </div> (opened at line 412 class='box-wrapper')
[417] CLOSE: </div> (opened at line 411 class='col-lg-6')
[418] CLOSE: </div> (opened at line 400 class='row')
[419] CLOSE: </div> (opened at line 397 class='tab-box orange-color')
[420] CLOSE: </div> (opened at line 396 class='swiper-slide')
[423] OPEN:  <div class='swiper-slide'>
[424] OPEN:  <div class='tab-box skyblue-color'>
[427] OPEN:  <div class='row'>
[428] OPEN:  <div class='col-lg-6'>
[437] CLOSE: </div> (opened at line 428 class='col-lg-6')
[438] OPEN:  <div class='col-lg-6'>
[439] OPEN:  <div class='box-wrapper'>
[440] OPEN:  <div class='pic-box1 pos-x1 pr-img1'>
[440] CLOSE: </div> (opened at line 440 class='pic-box1 pos-x1 pr-img1')
[441] OPEN:  <div class='pic-box2 pos-x2 pr-img2'>
[441] CLOSE: </div> (opened at line 441 class='pic-box2 pos-x2 pr-img2')
[442] OPEN:  <div class='pic-box2 pos-x3 pr-img2'>
[442] CLOSE: </div> (opened at line 442 class='pic-box2 pos-x3 pr-img2')
[443] CLOSE: </div> (opened at line 439 class='box-wrapper')
[444] CLOSE: </div> (opened at line 438 class='col-lg-6')
[445] CLOSE: </div> (opened at line 427 class='row')
[446] CLOSE: </div> (opened at line 424 class='tab-box skyblue-color')
[447] CLOSE: </div> (opened at line 423 class='swiper-slide')
[450] OPEN:  <div class='swiper-slide'>
[451] OPEN:  <div class='tab-box brandBlue-color'>
[454] OPEN:  <div class='row'>
[455] OPEN:  <div class='col-lg-6'>
[464] CLOSE: </div> (opened at line 455 class='col-lg-6')
[465] OPEN:  <div class='col-lg-6'>
[466] OPEN:  <div class='box-wrapper'>
[467] OPEN:  <div class='pic-box1 pos-x4 pr-img1'>
[467] CLOSE: </div> (opened at line 467 class='pic-box1 pos-x4 pr-img1')
[468] OPEN:  <div class='pic-box2 pos-x5 pr-img2'>
[468] CLOSE: </div> (opened at line 468 class='pic-box2 pos-x5 pr-img2')
[469] OPEN:  <div class='pic-box2 pos-x6 pr-img2'>
[469] CLOSE: </div> (opened at line 469 class='pic-box2 pos-x6 pr-img2')
[470] CLOSE: </div> (opened at line 466 class='box-wrapper')
[471] CLOSE: </div> (opened at line 465 class='col-lg-6')
[472] CLOSE: </div> (opened at line 454 class='row')
[473] CLOSE: </div> (opened at line 451 class='tab-box brandBlue-color')
[474] CLOSE: </div> (opened at line 450 class='swiper-slide')
[477] OPEN:  <div class='swiper-slide'>
[478] OPEN:  <div class='tab-box green-color'>
[481] OPEN:  <div class='row'>
[482] OPEN:  <div class='col-lg-6'>
[491] CLOSE: </div> (opened at line 482 class='col-lg-6')
[492] OPEN:  <div class='col-lg-6'>
[493] OPEN:  <div class='box-wrapper'>
[494] OPEN:  <div class='pic-box1 pos-x1 pr-img1'>
[494] CLOSE: </div> (opened at line 494 class='pic-box1 pos-x1 pr-img1')
[495] OPEN:  <div class='pic-box2 pos-x2 pr-img2'>
[495] CLOSE: </div> (opened at line 495 class='pic-box2 pos-x2 pr-img2')
[496] OPEN:  <div class='pic-box2 pos-x3 pr-img2'>
[496] CLOSE: </div> (opened at line 496 class='pic-box2 pos-x3 pr-img2')
[497] CLOSE: </div> (opened at line 493 class='box-wrapper')
[498] CLOSE: </div> (opened at line 492 class='col-lg-6')
[499] CLOSE: </div> (opened at line 481 class='row')
[500] CLOSE: </div> (opened at line 478 class='tab-box green-color')
[501] CLOSE: </div> (opened at line 477 class='swiper-slide')
[504] OPEN:  <div class='swiper-slide'>
[505] OPEN:  <div class='tab-box lightOrange-color'>
[508] OPEN:  <div class='row'>
[509] OPEN:  <div class='col-lg-6'>
[518] CLOSE: </div> (opened at line 509 class='col-lg-6')
[519] OPEN:  <div class='col-lg-6'>
[520] OPEN:  <div class='box-wrapper'>
[521] OPEN:  <div class='pic-box1 pos-x4 pr-img1'>
[521] CLOSE: </div> (opened at line 521 class='pic-box1 pos-x4 pr-img1')
[522] OPEN:  <div class='pic-box2 pos-x5 pr-img2'>
[522] CLOSE: </div> (opened at line 522 class='pic-box2 pos-x5 pr-img2')
[523] OPEN:  <div class='pic-box2 pos-x6 pr-img2'>
[523] CLOSE: </div> (opened at line 523 class='pic-box2 pos-x6 pr-img2')
[524] CLOSE: </div> (opened at line 520 class='box-wrapper')
[525] CLOSE: </div> (opened at line 519 class='col-lg-6')
[526] CLOSE: </div> (opened at line 508 class='row')
[527] CLOSE: </div> (opened at line 505 class='tab-box lightOrange-color')
[528] CLOSE: </div> (opened at line 504 class='swiper-slide')
[530] CLOSE: </div> (opened at line 366 class='swiper-wrapper')
[531] CLOSE: </div> (opened at line 365 class='swiper-container gallery-main')
[531] OPEN:  <div class='clearfix'>
[531] CLOSE: </div> (opened at line 531 class='clearfix')
[532] CLOSE: </div> (opened at line 352 class='gallery-container')
[533] CLOSE: </div> (opened at line 350 class='cards')
[534] CLOSE: </section> (opened at line 347 class='services-block animsec ')
[535] OPEN:  <section class='parrallax-block animsec'>
[536] OPEN:  <div class='container-fluid'>
[537] OPEN:  <div class='row align-items-center'>
[538] OPEN:  <div class='col-md-6 pos-rel'>
[542] OPEN:  <div class='choose_abt'>
[546] CLOSE: </div> (opened at line 542 class='choose_abt')
[547] CLOSE: </div> (opened at line 538 class='col-md-6 pos-rel')
[548] OPEN:  <div class='col-md-6 pos-rel'>
[553] OPEN:  <div class='list-service-item'>
[554] OPEN:  <div class='icon-box'>
[556] CLOSE: </div> (opened at line 554 class='icon-box')
[557] OPEN:  <div class='list-service-content'>
[560] CLOSE: </div> (opened at line 557 class='list-service-content')
[561] CLOSE: </div> (opened at line 553 class='list-service-item')
[565] OPEN:  <div class='list-service-item'>
[566] OPEN:  <div class='icon-box'>
[568] CLOSE: </div> (opened at line 566 class='icon-box')
[569] OPEN:  <div class='list-service-content'>
[572] CLOSE: </div> (opened at line 569 class='list-service-content')
[573] CLOSE: </div> (opened at line 565 class='list-service-item')
[577] OPEN:  <div class='list-service-item'>
[578] OPEN:  <div class='icon-box'>
[580] CLOSE: </div> (opened at line 578 class='icon-box')
[581] OPEN:  <div class='list-service-content'>
[584] CLOSE: </div> (opened at line 581 class='list-service-content')
[585] CLOSE: </div> (opened at line 577 class='list-service-item')
[589] OPEN:  <div class='list-service-item'>
[590] OPEN:  <div class='icon-box'>
[592] CLOSE: </div> (opened at line 590 class='icon-box')
[593] OPEN:  <div class='list-service-content'>
[596] CLOSE: </div> (opened at line 593 class='list-service-content')
[597] CLOSE: </div> (opened at line 589 class='list-service-item')
[601] OPEN:  <div class='list-service-item'>
[602] OPEN:  <div class='icon-box'>
[604] CLOSE: </div> (opened at line 602 class='icon-box')
[605] OPEN:  <div class='list-service-content'>
[608] CLOSE: </div> (opened at line 605 class='list-service-content')
[609] CLOSE: </div> (opened at line 601 class='list-service-item')
[613] OPEN:  <div class='list-service-item'>
[614] OPEN:  <div class='icon-box'>
[616] CLOSE: </div> (opened at line 614 class='icon-box')
[617] OPEN:  <div class='list-service-content'>
[620] CLOSE: </div> (opened at line 617 class='list-service-content')
[621] CLOSE: </div> (opened at line 613 class='list-service-item')
[624] CLOSE: </div> (opened at line 548 class='col-md-6 pos-rel')
[625] CLOSE: </div> (opened at line 537 class='row align-items-center')
[626] CLOSE: </div> (opened at line 536 class='container-fluid')
[627] CLOSE: </section> (opened at line 535 class='parrallax-block animsec')
[631] OPEN:  <section class='testimonial-block animsec'>
[632] OPEN:  <div class='container-custom1'>
[635] OPEN:  <div class='row'>
[636] OPEN:  <div class='col-md-4 col-sm-6'>
[637] OPEN:  <div class='card-block js-tilt'>
[638] OPEN:  <div class='bg'>
[638] CLOSE: </div> (opened at line 638 class='bg')
[641] OPEN:  <div class='test-contents'>
[644] CLOSE: </div> (opened at line 641 class='test-contents')
[645] CLOSE: </div> (opened at line 637 class='card-block js-tilt')
[646] CLOSE: </div> (opened at line 636 class='col-md-4 col-sm-6')
[647] OPEN:  <div class='col-md-4 col-sm-6'>
[648] OPEN:  <div class='card-block js-tilt'>
[649] OPEN:  <div class='bg'>
[649] CLOSE: </div> (opened at line 649 class='bg')
[652] OPEN:  <div class='test-contents'>
[655] CLOSE: </div> (opened at line 652 class='test-contents')
[656] CLOSE: </div> (opened at line 648 class='card-block js-tilt')
[657] CLOSE: </div> (opened at line 647 class='col-md-4 col-sm-6')
[658] OPEN:  <div class='col-md-4 col-sm-12'>
[659] OPEN:  <div class='card-block js-tilt'>
[660] OPEN:  <div class='bg'>
[660] CLOSE: </div> (opened at line 660 class='bg')
[663] OPEN:  <div class='test-contents'>
[666] CLOSE: </div> (opened at line 663 class='test-contents')
[667] CLOSE: </div> (opened at line 659 class='card-block js-tilt')
[668] CLOSE: </div> (opened at line 658 class='col-md-4 col-sm-12')
[669] CLOSE: </div> (opened at line 635 class='row')
[670] OPEN:  <div class='row'>
[671] OPEN:  <div class='col-12 text-center'>
[673] CLOSE: </div> (opened at line 671 class='col-12 text-center')
[674] CLOSE: </div> (opened at line 670 class='row')
[675] CLOSE: </div> (opened at line 632 class='container-custom1')
[676] CLOSE: </section> (opened at line 631 class='testimonial-block animsec')
[677] OPEN:  <section class='casestudy-block'>
[678] OPEN:  <div class='container process-title-container'>
[681] CLOSE: </div> (opened at line 678 class='container process-title-container')
[682] OPEN:  <div id='casestudy_slider' class='owl-carousel owl-theme'>
[685] OPEN:  <div class='item case-bg11'>
[686] OPEN:  <div class='container'>
[687] OPEN:  <div class='row html-remove'>
[688] OPEN:  <div class='col-sm-4'>
[689] OPEN:  <div class='case_head'>
[693] CLOSE: </div> (opened at line 689 class='case_head')
[694] CLOSE: </div> (opened at line 688 class='col-sm-4')
[695] OPEN:  <div class='col-sm-8'>
[696] OPEN:  <div class='case-pic'>
[696] CLOSE: </div> (opened at line 696 class='case-pic')
[697] OPEN:  <div class='case-box'>
[699] CLOSE: </div> (opened at line 697 class='case-box')
[700] OPEN:  <div class='item-counts'>
[700] CLOSE: </div> (opened at line 700 class='item-counts')
[701] CLOSE: </div> (opened at line 695 class='col-sm-8')
[702] CLOSE: </div> (opened at line 687 class='row html-remove')
[703] CLOSE: </div> (opened at line 686 class='container')
[704] CLOSE: </div> (opened at line 685 class='item case-bg11')
[707] OPEN:  <div class='item case-bg12'>
[708] OPEN:  <div class='container'>
[709] OPEN:  <div class='row html-remove'>
[710] OPEN:  <div class='col-sm-4'>
[711] OPEN:  <div class='case_head'>
[715] CLOSE: </div> (opened at line 711 class='case_head')
[716] CLOSE: </div> (opened at line 710 class='col-sm-4')
[717] OPEN:  <div class='col-sm-8'>
[718] OPEN:  <div class='case-pic'>
[718] CLOSE: </div> (opened at line 718 class='case-pic')
[719] OPEN:  <div class='case-box'>
[721] CLOSE: </div> (opened at line 719 class='case-box')
[722] OPEN:  <div class='item-counts'>
[722] CLOSE: </div> (opened at line 722 class='item-counts')
[723] CLOSE: </div> (opened at line 717 class='col-sm-8')
[724] CLOSE: </div> (opened at line 709 class='row html-remove')
[725] CLOSE: </div> (opened at line 708 class='container')
[726] CLOSE: </div> (opened at line 707 class='item case-bg12')
[729] OPEN:  <div class='item case-bg13'>
[730] OPEN:  <div class='container'>
[731] OPEN:  <div class='row html-remove'>
[732] OPEN:  <div class='col-sm-4'>
[733] OPEN:  <div class='case_head'>
[737] CLOSE: </div> (opened at line 733 class='case_head')
[738] CLOSE: </div> (opened at line 732 class='col-sm-4')
[739] OPEN:  <div class='col-sm-8'>
[740] OPEN:  <div class='case-pic'>
[740] CLOSE: </div> (opened at line 740 class='case-pic')
[741] OPEN:  <div class='case-box'>
[743] CLOSE: </div> (opened at line 741 class='case-box')
[744] OPEN:  <div class='item-counts'>
[744] CLOSE: </div> (opened at line 744 class='item-counts')
[745] CLOSE: </div> (opened at line 739 class='col-sm-8')
[746] CLOSE: </div> (opened at line 731 class='row html-remove')
[747] CLOSE: </div> (opened at line 730 class='container')
[748] CLOSE: </div> (opened at line 729 class='item case-bg13')
[751] OPEN:  <div class='item case-bg1'>
[752] OPEN:  <div class='container'>
[753] OPEN:  <div class='row html-remove'>
[754] OPEN:  <div class='col-sm-4'>
[755] OPEN:  <div class='case_head'>
[759] CLOSE: </div> (opened at line 755 class='case_head')
[760] CLOSE: </div> (opened at line 754 class='col-sm-4')
[761] OPEN:  <div class='col-sm-8'>
[762] OPEN:  <div class='case-pic'>
[762] CLOSE: </div> (opened at line 762 class='case-pic')
[763] OPEN:  <div class='case-box'>
[765] CLOSE: </div> (opened at line 763 class='case-box')
[766] OPEN:  <div class='item-counts'>
[766] CLOSE: </div> (opened at line 766 class='item-counts')
[767] CLOSE: </div> (opened at line 761 class='col-sm-8')
[768] CLOSE: </div> (opened at line 753 class='row html-remove')
[769] CLOSE: </div> (opened at line 752 class='container')
[770] CLOSE: </div> (opened at line 751 class='item case-bg1')
[773] OPEN:  <div class='item case-bg2'>
[774] OPEN:  <div class='container'>
[775] OPEN:  <div class='row html-remove'>
[776] OPEN:  <div class='col-sm-4'>
[777] OPEN:  <div class='case_head'>
[781] CLOSE: </div> (opened at line 777 class='case_head')
[782] CLOSE: </div> (opened at line 776 class='col-sm-4')
[783] OPEN:  <div class='col-sm-8'>
[784] OPEN:  <div class='case-pic'>
[784] CLOSE: </div> (opened at line 784 class='case-pic')
[785] OPEN:  <div class='case-box'>
[787] CLOSE: </div> (opened at line 785 class='case-box')
[788] OPEN:  <div class='item-counts'>
[788] CLOSE: </div> (opened at line 788 class='item-counts')
[789] CLOSE: </div> (opened at line 783 class='col-sm-8')
[790] CLOSE: </div> (opened at line 775 class='row html-remove')
[791] CLOSE: </div> (opened at line 774 class='container')
[792] CLOSE: </div> (opened at line 773 class='item case-bg2')
[795] OPEN:  <div class='item case-bg22'>
[796] OPEN:  <div class='container'>
[797] OPEN:  <div class='row html-remove'>
[798] OPEN:  <div class='col-sm-4'>
[799] OPEN:  <div class='case_head'>
[803] CLOSE: </div> (opened at line 799 class='case_head')
[804] CLOSE: </div> (opened at line 798 class='col-sm-4')
[805] OPEN:  <div class='col-sm-8'>
[806] OPEN:  <div class='case-pic'>
[806] CLOSE: </div> (opened at line 806 class='case-pic')
[807] OPEN:  <div class='case-box'>
[809] CLOSE: </div> (opened at line 807 class='case-box')
[810] OPEN:  <div class='item-counts'>
[810] CLOSE: </div> (opened at line 810 class='item-counts')
[811] CLOSE: </div> (opened at line 805 class='col-sm-8')
[812] CLOSE: </div> (opened at line 797 class='row html-remove')
[813] CLOSE: </div> (opened at line 796 class='container')
[814] CLOSE: </div> (opened at line 795 class='item case-bg22')
[817] OPEN:  <div class='item case-bg3'>
[818] OPEN:  <div class='container'>
[819] OPEN:  <div class='row html-remove'>
[820] OPEN:  <div class='col-sm-4'>
[821] OPEN:  <div class='case_head'>
[825] CLOSE: </div> (opened at line 821 class='case_head')
[826] CLOSE: </div> (opened at line 820 class='col-sm-4')
[827] OPEN:  <div class='col-sm-8'>
[828] OPEN:  <div class='case-pic'>
[828] CLOSE: </div> (opened at line 828 class='case-pic')
[829] OPEN:  <div class='case-box'>
[831] CLOSE: </div> (opened at line 829 class='case-box')
[832] OPEN:  <div class='item-counts'>
[832] CLOSE: </div> (opened at line 832 class='item-counts')
[833] CLOSE: </div> (opened at line 827 class='col-sm-8')
[834] CLOSE: </div> (opened at line 819 class='row html-remove')
[835] CLOSE: </div> (opened at line 818 class='container')
[836] CLOSE: </div> (opened at line 817 class='item case-bg3')
[839] OPEN:  <div class='item case-bg32'>
[840] OPEN:  <div class='container'>
[841] OPEN:  <div class='row html-remove'>
[842] OPEN:  <div class='col-sm-4'>
[843] OPEN:  <div class='case_head'>
[847] CLOSE: </div> (opened at line 843 class='case_head')
[848] CLOSE: </div> (opened at line 842 class='col-sm-4')
[849] OPEN:  <div class='col-sm-8'>
[850] OPEN:  <div class='case-pic'>
[850] CLOSE: </div> (opened at line 850 class='case-pic')
[851] OPEN:  <div class='case-box'>
[853] CLOSE: </div> (opened at line 851 class='case-box')
[854] OPEN:  <div class='item-counts'>
[854] CLOSE: </div> (opened at line 854 class='item-counts')
[855] CLOSE: </div> (opened at line 849 class='col-sm-8')
[856] CLOSE: </div> (opened at line 841 class='row html-remove')
[857] CLOSE: </div> (opened at line 840 class='container')
[858] CLOSE: </div> (opened at line 839 class='item case-bg32')
[860] CLOSE: </div> (opened at line 682 id='casestudy_slider' class='owl-carousel owl-theme')
[861] CLOSE: </section> (opened at line 677 class='casestudy-block')
[863] OPEN:  <section class='contact-block animsec'>
[864] OPEN:  <div class='container'>
[865] OPEN:  <div class='section-titles'>
[873] CLOSE: </div> (opened at line 865 class='section-titles')
[874] OPEN:  <div class='row pos-rel'>
[875] OPEN:  <div class='saiha-caps'>
[877] CLOSE: </div> (opened at line 875 class='saiha-caps')
[878] OPEN:  <div class='col-12 text-center'>
[880] CLOSE: </div> (opened at line 878 class='col-12 text-center')
[881] OPEN:  <div class='col-md-6 offset-md-6'>
[884] OPEN:  <div class='row'>
[885] OPEN:  <div class='form-group col-sm-6'>
[888] CLOSE: </div> (opened at line 885 class='form-group col-sm-6')
[889] OPEN:  <div class='form-group col-sm-6'>
[892] CLOSE: </div> (opened at line 889 class='form-group col-sm-6')
[893] OPEN:  <div class='form-group col-sm-6'>
[896] CLOSE: </div> (opened at line 893 class='form-group col-sm-6')
[897] OPEN:  <div class='form-group col-sm-6'>
[900] CLOSE: </div> (opened at line 897 class='form-group col-sm-6')
[901] OPEN:  <div class='form-group  col-12'>
[904] CLOSE: </div> (opened at line 901 class='form-group  col-12')
[906] OPEN:  <div class='col-12 capcha-center'>
[907] OPEN:  <div id='recaptcha-container' class='g-recaptcha'>
[909] CLOSE: </div> (opened at line 907 id='recaptcha-container' class='g-recaptcha')
[910] OPEN:  <div id='recaptcha-error' class='error-message'>
[913] CLOSE: </div> (opened at line 910 id='recaptcha-error' class='error-message')
[915] CLOSE: </div> (opened at line 906 class='col-12 capcha-center')
[918] OPEN:  <div class='col-12 text-center'>
[920] CLOSE: </div> (opened at line 918 class='col-12 text-center')
[921] CLOSE: </div> (opened at line 884 class='row')
[923] CLOSE: </div> (opened at line 881 class='col-md-6 offset-md-6')
[924] CLOSE: </div> (opened at line 874 class='row pos-rel')
[925] CLOSE: </div> (opened at line 864 class='container')
[926] CLOSE: </section> (opened at line 863 class='contact-block animsec')
[928] OPEN:  <section class='count-block'>
[929] OPEN:  <div class='container'>
[931] OPEN:  <div class='row'>
[932] OPEN:  <div class='col-sm-3 col-6'>
[933] OPEN:  <div class='num-counts'>
[936] CLOSE: </div> (opened at line 933 class='num-counts')
[937] CLOSE: </div> (opened at line 932 class='col-sm-3 col-6')
[938] OPEN:  <div class='col-sm-3 col-6'>
[939] OPEN:  <div class='num-counts'>
[942] CLOSE: </div> (opened at line 939 class='num-counts')
[943] CLOSE: </div> (opened at line 938 class='col-sm-3 col-6')
[944] OPEN:  <div class='col-sm-3 col-6'>
[945] OPEN:  <div class='num-counts'>
[948] CLOSE: </div> (opened at line 945 class='num-counts')
[949] CLOSE: </div> (opened at line 944 class='col-sm-3 col-6')
[950] OPEN:  <div class='col-sm-3 col-6'>
[951] OPEN:  <div class='num-counts'>
[954] CLOSE: </div> (opened at line 951 class='num-counts')
[955] CLOSE: </div> (opened at line 950 class='col-sm-3 col-6')
[956] CLOSE: </div> (opened at line 931 class='row')
[957] CLOSE: </div> (opened at line 929 class='container')
[958] CLOSE: </section> (opened at line 928 class='count-block')
[962] OPEN:  <section class='clients-block'>
[963] OPEN:  <div class='container'>
[964] OPEN:  <div class='row'>
[965] OPEN:  <div class='col-12 text-center'>
[968] CLOSE: </div> (opened at line 965 class='col-12 text-center')
[969] CLOSE: </div> (opened at line 964 class='row')
[970] OPEN:  <div class='row justify-content-center'>
[971] OPEN:  <div class='col-lg-4 col-sm-6 text-center'>
[972] OPEN:  <div class='trust-card'>
[976] CLOSE: </div> (opened at line 972 class='trust-card')
[977] CLOSE: </div> (opened at line 971 class='col-lg-4 col-sm-6 text-center')
[978] OPEN:  <div class='col-lg-4 col-sm-6 text-center'>
[979] OPEN:  <div class='trust-card'>
[983] CLOSE: </div> (opened at line 979 class='trust-card')
[984] CLOSE: </div> (opened at line 978 class='col-lg-4 col-sm-6 text-center')
[985] OPEN:  <div class='col-lg-4 col-sm-6 text-center'>
[986] OPEN:  <div class='trust-card'>
[990] CLOSE: </div> (opened at line 986 class='trust-card')
[991] CLOSE: </div> (opened at line 985 class='col-lg-4 col-sm-6 text-center')
[992] OPEN:  <div class='col-lg-4 col-sm-6 text-center mt-lg-4'>
[993] OPEN:  <div class='trust-card'>
[997] CLOSE: </div> (opened at line 993 class='trust-card')
[998] CLOSE: </div> (opened at line 992 class='col-lg-4 col-sm-6 text-center mt-lg-4')
[999] OPEN:  <div class='col-lg-4 col-sm-6 text-center mt-lg-4'>
[1000] OPEN:  <div class='trust-card'>
[1004] CLOSE: </div> (opened at line 1000 class='trust-card')
[1005] CLOSE: </div> (opened at line 999 class='col-lg-4 col-sm-6 text-center mt-lg-4')
[1006] OPEN:  <div class='col-lg-4 col-sm-6 text-center mt-lg-4'>
[1007] OPEN:  <div class='trust-card'>
[1011] CLOSE: </div> (opened at line 1007 class='trust-card')
[1012] CLOSE: </div> (opened at line 1006 class='col-lg-4 col-sm-6 text-center mt-lg-4')
[1013] CLOSE: </div> (opened at line 970 class='row justify-content-center')
[1014] CLOSE: </div> (opened at line 963 class='container')
[1015] CLOSE: </section> (opened at line 962 class='clients-block')
[1017] OPEN:  <section class='blog-section'>
[1018] OPEN:  <div class='blog-head2'>
[1021] CLOSE: </div> (opened at line 1018 class='blog-head2')
[1023] OPEN:  <div class='blog-content'>
[1024] OPEN:  <div class='blog-grid-section grid-div2'>
[1027] OPEN:  <div class='cards bounce-div'>
[1028] OPEN:  <div class='img-div'>
[1030] CLOSE: </div> (opened at line 1028 class='img-div')
[1031] OPEN:  <div class='post-content'>
[1034] OPEN:  <div class='dp-div'>
[1035] OPEN:  <div class='img-div2'>
[1037] CLOSE: </div> (opened at line 1035 class='img-div2')
[1039] CLOSE: </div> (opened at line 1034 class='dp-div')
[1040] CLOSE: </div> (opened at line 1031 class='post-content')
[1041] CLOSE: </div> (opened at line 1027 class='cards bounce-div')
[1044] OPEN:  <div class='cards bounce-div'>
[1045] OPEN:  <div class='img-div'>
[1047] CLOSE: </div> (opened at line 1045 class='img-div')
[1048] OPEN:  <div class='post-content'>
[1051] OPEN:  <div class='dp-div'>
[1052] OPEN:  <div class='img-div2'>
[1054] CLOSE: </div> (opened at line 1052 class='img-div2')
[1056] CLOSE: </div> (opened at line 1051 class='dp-div')
[1057] CLOSE: </div> (opened at line 1048 class='post-content')
[1058] CLOSE: </div> (opened at line 1044 class='cards bounce-div')
[1061] OPEN:  <div class='cards bounce-div'>
[1062] OPEN:  <div class='img-div'>
[1064] CLOSE: </div> (opened at line 1062 class='img-div')
[1065] OPEN:  <div class='post-content'>
[1068] OPEN:  <div class='dp-div'>
[1069] OPEN:  <div class='img-div2'>
[1071] CLOSE: </div> (opened at line 1069 class='img-div2')
[1073] CLOSE: </div> (opened at line 1068 class='dp-div')
[1074] CLOSE: </div> (opened at line 1065 class='post-content')
[1075] CLOSE: </div> (opened at line 1061 class='cards bounce-div')
[1077] CLOSE: </div> (opened at line 1024 class='blog-grid-section grid-div2')
[1078] CLOSE: </div> (opened at line 1023 class='blog-content')
[1079] CLOSE: </section> (opened at line 1017 class='blog-section')
[1080] OPEN:  <footer class='footer-block'>
[1081] OPEN:  <div class='container-fluid'>
[1082] OPEN:  <div class='row'>
[1083] OPEN:  <div class='col-sm-3 html-remove'>
[1085] CLOSE: </div> (opened at line 1083 class='col-sm-3 html-remove')
[1086] OPEN:  <div class='col-sm-5 hide'>
[1087] OPEN:  <div class='row'>
[1088] OPEN:  <div class='col-sm-4'>
[1095] CLOSE: </div> (opened at line 1088 class='col-sm-4')
[1097] OPEN:  <div class='col-sm-4'>
[1098] CLOSE: </div> (opened at line 1097 class='col-sm-4')
[1099] OPEN:  <div class='col-sm-4'>
[1106] CLOSE: </div> (opened at line 1099 class='col-sm-4')
[1109] CLOSE: </div> (opened at line 1087 class='row')
[1110] CLOSE: </div> (opened at line 1086 class='col-sm-5 hide')
[1111] OPEN:  <div class='col-sm-4 locate-us'>
[1130] CLOSE: </div> (opened at line 1111 class='col-sm-4 locate-us')
[1131] CLOSE: </div> (opened at line 1082 class='row')
[1132] CLOSE: </div> (opened at line 1081 class='container-fluid')
[1133] OPEN:  <div class='copyrights'>
[1135] CLOSE: </div> (opened at line 1133 class='copyrights')
[1136] CLOSE: </footer> (opened at line 1080 class='footer-block')
[1137] CLOSE: </div> (opened at line 202 id='scroll-container' class='smooth-scroll')
[1138] CLOSE: </div> (opened at line 155 class='viewport')
[1376] CLOSE: </body> (opened at line 134)
[1378] CLOSE: </html> (opened at line 2)